[debug] [2025-12-06T17:34:22.644Z] ----------------------------------------------------------------------
[debug] [2025-12-06T17:34:22.645Z] Command:       /opt/homebrew/Cellar/node/25.2.1/bin/node /opt/homebrew/bin/firebase init
[debug] [2025-12-06T17:34:22.645Z] CLI Version:   14.27.0
[debug] [2025-12-06T17:34:22.645Z] Platform:      darwin
[debug] [2025-12-06T17:34:22.645Z] Node Version:  v25.2.1
[debug] [2025-12-06T17:34:22.645Z] Time:          Sat Dec 06 2025 23:04:22 GMT+0530 (India Standard Time)
[debug] [2025-12-06T17:34:22.645Z] ----------------------------------------------------------------------
[debug] 
[info] 
     ######## #### ########  ######## ########     ###     ######  ########
     ##        ##  ##     ## ##       ##     ##  ##   ##  ##       ##
     ######    ##  ########  ######   ########  #########  ######  ######
     ##        ##  ##    ##  ##       ##     ## ##     ##       ## ##
     ##       #### ##     ## ######## ########  ##     ##  ######  ########

You're about to initialize a Firebase project in this directory:

  /Users/ganeshreddy/SmartECommerce

[info] 
=== Project Setup
[info] 
[info] First, let's associate this project directory with a Firebase project.
[info] You can create multiple project aliases by running firebase use --add, 
[info] 
[debug] [2025-12-06T17:35:41.631Z] > command requires scopes: ["email","openid","https://www.googleapis.com/auth/cloudplatformprojects.readonly","https://www.googleapis.com/auth/firebase","https://www.googleapis.com/auth/cloud-platform"]
[debug] [2025-12-06T17:35:41.632Z] > authorizing via signed-in user (k.ganeshreddy038@gmail.com)
[debug] [2025-12-06T17:35:41.633Z] Checked if tokens are valid: true, expires at: 1765046033201
[debug] [2025-12-06T17:35:41.634Z] Checked if tokens are valid: true, expires at: 1765046033201
[debug] [2025-12-06T17:35:41.636Z] >>> [apiv2][query] GET https://firebase.googleapis.com/v1beta1/projects pageSize=100
[debug] [2025-12-06T17:35:42.523Z] <<< [apiv2][status] GET https://firebase.googleapis.com/v1beta1/projects 200
[debug] [2025-12-06T17:35:42.524Z] <<< [apiv2][body] GET https://firebase.googleapis.com/v1beta1/projects [omitted]
[info] 
=== Hosting Setup
[debug] [2025-12-06T17:35:46.950Z] Checked if tokens are valid: true, expires at: 1765046033201
[debug] [2025-12-06T17:35:46.950Z] Checked if tokens are valid: true, expires at: 1765046033201
[debug] [2025-12-06T17:35:46.950Z] >>> [apiv2][query] GET https://firebase.googleapis.com/v1beta1/projects/smart-e-commerce-ee7c3 [none]
[debug] [2025-12-06T17:35:47.309Z] <<< [apiv2][status] GET https://firebase.googleapis.com/v1beta1/projects/smart-e-commerce-ee7c3 200
[debug] [2025-12-06T17:35:47.310Z] <<< [apiv2][body] GET https://firebase.googleapis.com/v1beta1/projects/smart-e-commerce-ee7c3 {"projectId":"smart-e-commerce-ee7c3","projectNumber":"395749466236","displayName":"my-react-app","name":"projects/smart-e-commerce-ee7c3","resources":{"hostingSite":"smart-e-commerce-ee7c3"},"state":"ACTIVE","etag":"1_134c4ff4-fb91-4daa-abb5-ee636f06c75c"}
[info] 
[info] Your public directory is the folder (relative to your project directory) that
[info] will contain Hosting assets to be uploaded with firebase deploy. If you
[info] have a build process for your assets, use your build's output directory.
[info] 
